[debug] [2019-11-14T06:02:44.232Z] ----------------------------------------------------------------------
[debug] [2019-11-14T06:02:44.234Z] Command:       C:\Program Files\nodejs\node.exe C:\Users\dudfh\AppData\Roaming\npm\node_modules\firebase-tools\lib\bin\firebase.js login --no-localhost
[debug] [2019-11-14T06:02:44.235Z] CLI Version:   7.7.0
[debug] [2019-11-14T06:02:44.235Z] Platform:      win32
[debug] [2019-11-14T06:02:44.235Z] Node Version:  v10.16.3
[debug] [2019-11-14T06:02:44.236Z] Time:          Thu Nov 14 2019 15:02:44 GMT+0900 (GMT+09:00)
[debug] [2019-11-14T06:02:44.236Z] ----------------------------------------------------------------------
[debug] [2019-11-14T06:02:44.236Z] 
[info] i  Firebase optionally collects CLI usage and error reporting information to help improve our products. Data is collected in accordance with Google's privacy policy (https://policies.google.com/privacy) and is not used to identify you.

[info] i  To change your data collection preference at any time, run `firebase logout` and log in again.
[info] 
[info] Visit this URL on any device to log in:
[info] https://accounts.google.com/o/oauth2/auth?client_id=563584335869-fgrhgmd47bqnekij5i8b5pr03ho849e6.apps.googleusercontent.com&scope=email%20openid%20https%3A%2F%2Fwww.googleapis.com%2Fauth%2Fcloudplatformprojects.readonly%20https%3A%2F%2Fwww.googleapis.com%2Fauth%2Ffirebase%20https%3A%2F%2Fwww.googleapis.com%2Fauth%2Fcloud-platform&response_type=code&state=96676966&redirect_uri=urn%3Aietf%3Awg%3Aoauth%3A2.0%3Aoob
[info] 
[debug] [2019-11-14T06:02:46.937Z] Error: spawn cmd ENOENT
    at Process.ChildProcess._handle.onexit (internal/child_process.js:240:19)
    at onErrorNT (internal/child_process.js:415:16)
    at process._tickCallback (internal/process/next_tick.js:63:19)
[error] 
[error] Error: An unexpected error has occurred.
[debug] [2019-11-14T06:03:02.459Z] ----------------------------------------------------------------------
[debug] [2019-11-14T06:03:02.461Z] Command:       C:\Program Files\nodejs\node.exe C:\Users\dudfh\AppData\Roaming\npm\node_modules\firebase-tools\lib\bin\firebase.js login --no-localhost
[debug] [2019-11-14T06:03:02.461Z] CLI Version:   7.7.0
[debug] [2019-11-14T06:03:02.461Z] Platform:      win32
[debug] [2019-11-14T06:03:02.461Z] Node Version:  v10.16.3
[debug] [2019-11-14T06:03:02.462Z] Time:          Thu Nov 14 2019 15:03:02 GMT+0900 (GMT+09:00)
[debug] [2019-11-14T06:03:02.463Z] ----------------------------------------------------------------------
[debug] [2019-11-14T06:03:02.463Z] 
[info] i  Firebase optionally collects CLI usage and error reporting information to help improve our products. Data is collected in accordance with Google's privacy policy (https://policies.google.com/privacy) and is not used to identify you.

[info] i  To change your data collection preference at any time, run `firebase logout` and log in again.
[info] 
[info] Visit this URL on any device to log in:
[info] https://accounts.google.com/o/oauth2/auth?client_id=563584335869-fgrhgmd47bqnekij5i8b5pr03ho849e6.apps.googleusercontent.com&scope=email%20openid%20https%3A%2F%2Fwww.googleapis.com%2Fauth%2Fcloudplatformprojects.readonly%20https%3A%2F%2Fwww.googleapis.com%2Fauth%2Ffirebase%20https%3A%2F%2Fwww.googleapis.com%2Fauth%2Fcloud-platform&response_type=code&state=465979270&redirect_uri=urn%3Aietf%3Awg%3Aoauth%3A2.0%3Aoob
[info] 
[debug] [2019-11-14T06:03:05.343Z] Error: spawn cmd ENOENT
    at Process.ChildProcess._handle.onexit (internal/child_process.js:240:19)
    at onErrorNT (internal/child_process.js:415:16)
    at process._tickCallback (internal/process/next_tick.js:63:19)
[error] 
[error] Error: An unexpected error has occurred.
[debug] [2019-11-14T06:03:18.293Z] ----------------------------------------------------------------------
[debug] [2019-11-14T06:03:18.295Z] Command:       C:\Program Files\nodejs\node.exe C:\Users\dudfh\AppData\Roaming\npm\node_modules\firebase-tools\lib\bin\firebase.js login --no-localhost
[debug] [2019-11-14T06:03:18.295Z] CLI Version:   7.7.0
[debug] [2019-11-14T06:03:18.295Z] Platform:      win32
[debug] [2019-11-14T06:03:18.295Z] Node Version:  v10.16.3
[debug] [2019-11-14T06:03:18.296Z] Time:          Thu Nov 14 2019 15:03:18 GMT+0900 (GMT+09:00)
[debug] [2019-11-14T06:03:18.296Z] ----------------------------------------------------------------------
[debug] [2019-11-14T06:03:18.296Z] 
[info] i  Firebase optionally collects CLI usage and error reporting information to help improve our products. Data is collected in accordance with Google's privacy policy (https://policies.google.com/privacy) and is not used to identify you.

[info] 
[info] Visit this URL on any device to log in:
[info] https://accounts.google.com/o/oauth2/auth?client_id=563584335869-fgrhgmd47bqnekij5i8b5pr03ho849e6.apps.googleusercontent.com&scope=email%20openid%20https%3A%2F%2Fwww.googleapis.com%2Fauth%2Fcloudplatformprojects.readonly%20https%3A%2F%2Fwww.googleapis.com%2Fauth%2Ffirebase%20https%3A%2F%2Fwww.googleapis.com%2Fauth%2Fcloud-platform&response_type=code&state=656249735&redirect_uri=urn%3Aietf%3Awg%3Aoauth%3A2.0%3Aoob
[info] 
[debug] [2019-11-14T06:03:18.603Z] Error: spawn cmd ENOENT
    at Process.ChildProcess._handle.onexit (internal/child_process.js:240:19)
    at onErrorNT (internal/child_process.js:415:16)
    at process._tickCallback (internal/process/next_tick.js:63:19)
[error] 
[error] Error: An unexpected error has occurred.
[debug] [2019-11-14T06:03:22.459Z] ----------------------------------------------------------------------
[debug] [2019-11-14T06:03:22.461Z] Command:       C:\Program Files\nodejs\node.exe C:\Users\dudfh\AppData\Roaming\npm\node_modules\firebase-tools\lib\bin\firebase.js login --no-localhost
[debug] [2019-11-14T06:03:22.461Z] CLI Version:   7.7.0
[debug] [2019-11-14T06:03:22.461Z] Platform:      win32
[debug] [2019-11-14T06:03:22.461Z] Node Version:  v10.16.3
[debug] [2019-11-14T06:03:22.462Z] Time:          Thu Nov 14 2019 15:03:22 GMT+0900 (GMT+09:00)
[debug] [2019-11-14T06:03:22.463Z] ----------------------------------------------------------------------
[debug] [2019-11-14T06:03:22.463Z] 
[info] i  Firebase optionally collects CLI usage and error reporting information to help improve our products. Data is collected in accordance with Google's privacy policy (https://policies.google.com/privacy) and is not used to identify you.

[info] i  To change your data collection preference at any time, run `firebase logout` and log in again.
[info] 
[info] Visit this URL on any device to log in:
[info] https://accounts.google.com/o/oauth2/auth?client_id=563584335869-fgrhgmd47bqnekij5i8b5pr03ho849e6.apps.googleusercontent.com&scope=email%20openid%20https%3A%2F%2Fwww.googleapis.com%2Fauth%2Fcloudplatformprojects.readonly%20https%3A%2F%2Fwww.googleapis.com%2Fauth%2Ffirebase%20https%3A%2F%2Fwww.googleapis.com%2Fauth%2Fcloud-platform&response_type=code&state=251087859&redirect_uri=urn%3Aietf%3Awg%3Aoauth%3A2.0%3Aoob
[info] 
[debug] [2019-11-14T06:03:23.863Z] Error: spawn cmd ENOENT
    at Process.ChildProcess._handle.onexit (internal/child_process.js:240:19)
    at onErrorNT (internal/child_process.js:415:16)
    at process._tickCallback (internal/process/next_tick.js:63:19)
[error] 
[error] Error: An unexpected error has occurred.
[debug] [2019-11-14T06:03:24.057Z] >>> HTTP REQUEST POST https://accounts.google.com/o/oauth2/token  

[debug] [2019-11-14T06:08:41.999Z] ----------------------------------------------------------------------
[debug] [2019-11-14T06:08:42.001Z] Command:       C:\Program Files\nodejs\node.exe C:\Users\dudfh\AppData\Roaming\npm\node_modules\firebase-tools\lib\bin\firebase.js login
[debug] [2019-11-14T06:08:42.002Z] CLI Version:   7.7.0
[debug] [2019-11-14T06:08:42.002Z] Platform:      win32
[debug] [2019-11-14T06:08:42.002Z] Node Version:  v10.16.3
[debug] [2019-11-14T06:08:42.003Z] Time:          Thu Nov 14 2019 15:08:42 GMT+0900 (GMT+09:00)
[debug] [2019-11-14T06:08:42.003Z] ----------------------------------------------------------------------
[debug] [2019-11-14T06:08:42.003Z] 
[info] i  Firebase optionally collects CLI usage and error reporting information to help improve our products. Data is collected in accordance with Google's privacy policy (https://policies.google.com/privacy) and is not used to identify you.

[info] i  To change your data collection preference at any time, run `firebase logout` and log in again.
[info] 
[info] Visit this URL on this device to log in:
[info] https://accounts.google.com/o/oauth2/auth?client_id=563584335869-fgrhgmd47bqnekij5i8b5pr03ho849e6.apps.googleusercontent.com&scope=email%20openid%20https%3A%2F%2Fwww.googleapis.com%2Fauth%2Fcloudplatformprojects.readonly%20https%3A%2F%2Fwww.googleapis.com%2Fauth%2Ffirebase%20https%3A%2F%2Fwww.googleapis.com%2Fauth%2Fcloud-platform&response_type=code&state=119419285&redirect_uri=http%3A%2F%2Flocalhost%3A9005
[info] 
[info] Waiting for authentication...
[debug] [2019-11-14T06:08:43.347Z] Error: spawn cmd ENOENT
    at Process.ChildProcess._handle.onexit (internal/child_process.js:240:19)
    at onErrorNT (internal/child_process.js:415:16)
    at process._tickCallback (internal/process/next_tick.js:63:19)
[error] 
[error] Error: An unexpected error has occurred.
